# JRE version: Java(TM) SE Runtime Environment (17.0+35) (build 17+35-LTS-2724)
# Java VM: Java HotSpot(TM) 64-Bit Server VM (17+35-LTS-2724, mixed mode, sharing, tiered, compressed oops, compressed class ptrs, g1 gc, windows-amd64)
GC Precious Log:
 CPUs: 4 total, 4 available
 Memory: 16331M
 Large Page Support: Disabled
 NUMA Support: Disabled
 Compressed Oops: Enabled (Zero based)
 Heap Region Size: 2M
 Heap Min Capacity: 8M
 Heap Initial Capacity: 256M
 Heap Max Capacity: 4084M
 Pre-touch: Disabled
 Parallel Workers: 4
 Concurrent Workers: 1
 Concurrent Refinement Workers: 4
 Periodic GC: Disabled
Heap:
 garbage-first heap   total 661504K, used 312280K [0x0000000700c00000, 0x0000000800000000)
  region size 2048K, 2 young (4096K), 2 survivors (4096K)
 Metaspace       used 5772K, committed 5888K, reserved 1056768K
  class space    used 721K, committed 768K, reserved 1048576K
GC Heap History (20 events):
Event: 0.294 GC heap after
{Heap after GC invocations=1 (full 0):
 garbage-first heap   total 262144K, used 1902K [0x0000000700c00000, 0x0000000800000000)
  region size 2048K, 1 young (2048K), 1 survivors (2048K)
 Metaspace       used 3890K, committed 4032K, reserved 1056768K
  class space    used 487K, committed 576K, reserved 1048576K
}
Event: 0.485 GC heap before
{Heap before GC invocations=1 (full 0):
 garbage-first heap   total 262144K, used 36718K [0x0000000700c00000, 0x0000000800000000)
  region size 2048K, 8 young (16384K), 1 survivors (2048K)
 Metaspace       used 5531K, committed 5696K, reserved 1056768K
  class space    used 708K, committed 768K, reserved 1048576K
}
Event: 0.489 GC heap after
{Heap after GC invocations=2 (full 0):
 garbage-first heap   total 262144K, used 11274K [0x0000000700c00000, 0x0000000800000000)
  region size 2048K, 1 young (2048K), 1 survivors (2048K)
 Metaspace       used 5531K, committed 5696K, reserved 1056768K
  class space    used 708K, committed 768K, reserved 1048576K
}
Event: 0.571 GC heap before
{Heap before GC invocations=2 (full 0):
 garbage-first heap   total 262144K, used 80906K [0x0000000700c00000, 0x0000000800000000)
  region size 2048K, 25 young (51200K), 1 survivors (2048K)
 Metaspace       used 5614K, committed 5760K, reserved 1056768K
  class space    used 710K, committed 768K, reserved 1048576K
}
Event: 0.576 GC heap after
{Heap after GC invocations=3 (full 0):
 garbage-first heap   total 262144K, used 24817K [0x0000000700c00000, 0x0000000800000000)
  region size 2048K, 3 young (6144K), 3 survivors (6144K)
 Metaspace       used 5614K, committed 5760K, reserved 1056768K
  class space    used 710K, committed 768K, reserved 1048576K
}
Event: 0.638 GC heap before
{Heap before GC invocations=3 (full 0):
 garbage-first heap   total 262144K, used 157937K [0x0000000700c00000, 0x0000000800000000)
  region size 2048K, 39 young (79872K), 3 survivors (6144K)
 Metaspace       used 5614K, committed 5760K, reserved 1056768K
  class space    used 710K, committed 768K, reserved 1048576K
}
Event: 0.641 GC heap after
{Heap after GC invocations=4 (full 0):
 garbage-first heap   total 262144K, used 54056K [0x0000000700c00000, 0x0000000800000000)
  region size 2048K, 2 young (4096K), 2 survivors (4096K)
 Metaspace       used 5614K, committed 5760K, reserved 1056768K
  class space    used 710K, committed 768K, reserved 1048576K
}
Event: 0.661 GC heap before
{Heap before GC invocations=4 (full 0):
 garbage-first heap   total 262144K, used 92968K [0x0000000700c00000, 0x0000000800000000)
  region size 2048K, 22 young (45056K), 2 survivors (4096K)
 Metaspace       used 5614K, committed 5760K, reserved 1056768K
  class space    used 710K, committed 768K, reserved 1048576K
}
Event: 0.662 GC heap after
{Heap after GC invocations=5 (full 0):
 garbage-first heap   total 262144K, used 53698K [0x0000000700c00000, 0x0000000800000000)
  region size 2048K, 2 young (4096K), 2 survivors (4096K)
 Metaspace       used 5614K, committed 5760K, reserved 1056768K
  class space    used 710K, committed 768K, reserved 1048576K
}
Event: 0.757 GC heap before
{Heap before GC invocations=5 (full 0):
 garbage-first heap   total 262144K, used 250306K [0x0000000700c00000, 0x0000000800000000)
  region size 2048K, 62 young (126976K), 2 survivors (4096K)
 Metaspace       used 5614K, committed 5760K, reserved 1056768K
  class space    used 710K, committed 768K, reserved 1048576K
}
Event: 0.759 GC heap after
{Heap after GC invocations=6 (full 0):
 garbage-first heap   total 380928K, used 90471K [0x0000000700c00000, 0x0000000800000000)
  region size 2048K, 2 young (4096K), 2 survivors (4096K)
 Metaspace       used 5614K, committed 5760K, reserved 1056768K
  class space    used 710K, committed 768K, reserved 1048576K
}
Event: 0.764 GC heap before
{Heap before GC invocations=6 (full 0):
 garbage-first heap   total 380928K, used 96615K [0x0000000700c00000, 0x0000000800000000)
  region size 2048K, 6 young (12288K), 2 survivors (4096K)
 Metaspace       used 5614K, committed 5760K, reserved 1056768K
  class space    used 710K, committed 768K, reserved 1048576K
}
Event: 0.766 GC heap after
{Heap after GC invocations=7 (full 0):
 garbage-first heap   total 380928K, used 90774K [0x0000000700c00000, 0x0000000800000000)
  region size 2048K, 2 young (4096K), 2 survivors (4096K)
 Metaspace       used 5614K, committed 5760K, reserved 1056768K
  class space    used 710K, committed 768K, reserved 1048576K
}
Event: 0.871 GC heap before
{Heap before GC invocations=7 (full 0):
 garbage-first heap   total 380928K, used 369302K [0x0000000700c00000, 0x0000000800000000)
  region size 2048K, 66 young (135168K), 2 survivors (4096K)
 Metaspace       used 5614K, committed 5760K, reserved 1056768K
  class space    used 710K, committed 768K, reserved 1048576K
}
Event: 0.872 GC heap after
{Heap after GC invocations=8 (full 0):
 garbage-first heap   total 380928K, used 164174K [0x0000000700c00000, 0x0000000800000000)
  region size 2048K, 2 young (4096K), 2 survivors (4096K)
 Metaspace       used 5614K, committed 5760K, reserved 1056768K
  class space    used 710K, committed 768K, reserved 1048576K
}
Event: 0.948 GC heap before
{Heap before GC invocations=8 (full 0):
 garbage-first heap   total 380928K, used 334158K [0x0000000700c00000, 0x0000000800000000)
  region size 2048K, 85 young (174080K), 2 survivors (4096K)
 Metaspace       used 5614K, committed 5760K, reserved 1056768K
  class space    used 710K, committed 768K, reserved 1048576K
}
Event: 0.949 GC heap after
{Heap after GC invocations=9 (full 0):
 garbage-first heap   total 380928K, used 164175K [0x0000000700c00000, 0x0000000800000000)
  region size 2048K, 2 young (4096K), 2 survivors (4096K)
 Metaspace       used 5614K, committed 5760K, reserved 1056768K
  class space    used 710K, committed 768K, reserved 1048576K
}
Event: 0.956 GC heap before
{Heap before GC invocations=9 (full 0):
 garbage-first heap   total 380928K, used 178511K [0x0000000700c00000, 0x0000000800000000)
  region size 2048K, 10 young (20480K), 2 survivors (4096K)
 Metaspace       used 5614K, committed 5760K, reserved 1056768K
  class space    used 710K, committed 768K, reserved 1048576K
}
Event: 0.958 GC heap after
{Heap after GC invocations=10 (full 0):
 garbage-first heap   total 380928K, used 164341K [0x0000000700c00000, 0x0000000800000000)
  region size 2048K, 2 young (4096K), 2 survivors (4096K)
 Metaspace       used 5614K, committed 5760K, reserved 1056768K
  class space    used 710K, committed 768K, reserved 1048576K
}
Event: 1.146 GC heap before
{Heap before GC invocations=10 (full 0):
 garbage-first heap   total 661504K, used 633333K [0x0000000700c00000, 0x0000000800000000)
  region size 2048K, 86 young (176128K), 2 survivors (4096K)
 Metaspace       used 5772K, committed 5888K, reserved 1056768K
  class space    used 721K, committed 768K, reserved 1048576K
}

